2016-11-16 22:11:21,464 [main] INFO  org.mule.module.launcher.application.DefaultMuleApplication - 
++++++++++++++++++++++++++++++++++++++++++++++++++++++++++++
+ Initializing app 'pessoa'                                +
++++++++++++++++++++++++++++++++++++++++++++++++++++++++++++
2016-11-16 22:11:21,792 [main] INFO  org.mule.lifecycle.AbstractLifecycleManager - Initialising RegistryBroker
2016-11-16 22:11:22,064 [main] INFO  org.mule.module.extension.internal.manager.DefaultExtensionManager - Starting discovery of extensions
2016-11-16 22:11:22,416 [main] INFO  org.mule.module.extension.internal.manager.DefaultExtensionManager - Discovered 1 extensions
2016-11-16 22:11:22,419 [main] INFO  org.mule.module.extension.internal.manager.DefaultExtensionManager - Registering extension validation (version 3.8)
2016-11-16 22:11:22,600 [main] INFO  org.mule.config.spring.MuleArtifactContext - Refreshing org.mule.config.spring.MuleArtifactContext@1dd0dabb: startup date [Wed Nov 16 22:11:22 BRST 2016]; root of context hierarchy
2016-11-16 22:11:27,266 [main] INFO  org.mule.config.spring.processors.NoDevkitInjectorProcessor - JSR-330 'javax.inject.Inject' annotation found and supported for autowiring
2016-11-16 22:11:29,825 [main] WARN  org.mule.module.ognl.expression.OgnlExpressionEvaluator - OGNL module is deprecated and will be removed in Mule 4.0. Use MEL expressions instead.
2016-11-16 22:11:30,573 [main] INFO  org.mule.util.journal.TransactionJournal - Using files for tx logs /home/puc/workspace/Mule/.mule/./.mule/pessoa/queue-tx-log/tx1.log and /home/puc/workspace/Mule/.mule/./.mule/pessoa/queue-tx-log/tx2.log
2016-11-16 22:11:30,620 [main] INFO  org.mule.util.journal.TransactionJournal - Using files for tx logs /home/puc/workspace/Mule/.mule/./.mule/pessoa/queue-xa-tx-log/tx1.log and /home/puc/workspace/Mule/.mule/./.mule/pessoa/queue-xa-tx-log/tx2.log
2016-11-16 22:11:30,935 [main] INFO  org.mule.lifecycle.AbstractLifecycleManager - Initialising model: _muleSystemModel
2016-11-16 22:11:30,942 [main] INFO  org.mule.construct.FlowConstructLifecycleManager - Initialising flow: pessoaFlow
2016-11-16 22:11:30,944 [main] INFO  org.mule.exception.DefaultMessagingExceptionStrategy - Initialising exception listener: org.mule.exception.DefaultMessagingExceptionStrategy@2b675988
2016-11-16 22:11:31,016 [main] INFO  org.mule.processor.SedaStageLifecycleManager - Initialising service: pessoaFlow.stage1
2016-11-16 22:11:31,689 [main] INFO  org.mule.config.spring.SpringXmlConfigurationBuilder - Configured Mule using "org.mule.config.spring.SpringXmlConfigurationBuilder" with configuration resource(s): "[ConfigResource{resourceName='/home/puc/workspace/Mule/.mule/apps/pessoa/pessoa.xml'}]"
2016-11-16 22:11:31,695 [main] INFO  org.mule.config.builders.AutoConfigurationBuilder - Configured Mule using "org.mule.config.builders.AutoConfigurationBuilder" with configuration resource(s): "[ConfigResource{resourceName='/home/puc/workspace/Mule/.mule/apps/pessoa/pessoa.xml'}]"
2016-11-16 22:11:34,945 [main] INFO  org.mule.module.launcher.application.DefaultMuleApplication - 
++++++++++++++++++++++++++++++++++++++++++++++++++++++++++++
+ Starting app 'pessoa'                                    +
++++++++++++++++++++++++++++++++++++++++++++++++++++++++++++
2016-11-16 22:11:34,956 [main] INFO  org.mule.util.queue.QueueXaResourceManager - Starting ResourceManager
2016-11-16 22:11:34,962 [main] INFO  org.mule.util.queue.QueueXaResourceManager - Started ResourceManager
2016-11-16 22:11:35,190 [main] ERROR org.mule.module.launcher.application.DefaultMuleApplication - 
********************************************************************************
Message               : Failed to invoke lifecycle phase "start" on object: org.mule.module.http.internal.listener.DefaultHttpListenerConfig@e31c7b7
Element               : /HTTP_Listener_Configuration @ app:pessoa.xml:11 (HTTP Listener Configuration)
--------------------------------------------------------------------------------
Root Exception stack trace:
java.net.BindException: Address already in use
	at sun.nio.ch.Net.bind0(Native Method)
	at sun.nio.ch.Net.bind(Net.java:444)
	at sun.nio.ch.Net.bind(Net.java:436)
	at sun.nio.ch.ServerSocketChannelImpl.bind(ServerSocketChannelImpl.java:214)
	at sun.nio.ch.ServerSocketAdaptor.bind(ServerSocketAdaptor.java:74)
	at org.glassfish.grizzly.nio.transport.TCPNIOBindingHandler.bindToChannelAndAddress(TCPNIOBindingHandler.java:131)
	at org.glassfish.grizzly.nio.transport.TCPNIOBindingHandler.bind(TCPNIOBindingHandler.java:88)
	at org.glassfish.grizzly.nio.transport.TCPNIOTransport.bind(TCPNIOTransport.java:238)
	at org.glassfish.grizzly.nio.transport.TCPNIOTransport.bind(TCPNIOTransport.java:218)
	at org.glassfish.grizzly.nio.transport.TCPNIOTransport.bind(TCPNIOTransport.java:209)
	at org.mule.module.http.internal.listener.grizzly.GrizzlyServer.start(GrizzlyServer.java:41)
	at org.mule.module.http.internal.listener.DefaultHttpListenerConfig.start(DefaultHttpListenerConfig.java:274)
	at sun.reflect.NativeMethodAccessorImpl.invoke0(Native Method)
	at sun.reflect.NativeMethodAccessorImpl.invoke(NativeMethodAccessorImpl.java:57)
	at sun.reflect.DelegatingMethodAccessorImpl.invoke(DelegatingMethodAccessorImpl.java:43)
	at java.lang.reflect.Method.invoke(Method.java:606)
	at org.mule.lifecycle.phases.DefaultLifecyclePhase.applyLifecycle(DefaultLifecyclePhase.java:237)
	at org.mule.lifecycle.RegistryLifecycleCallback.doApplyLifecycle(RegistryLifecycleCallback.java:99)
	at org.mule.lifecycle.RegistryLifecycleCallback.onTransition(RegistryLifecycleCallback.java:71)
	at org.mule.lifecycle.RegistryLifecycleManager.invokePhase(RegistryLifecycleManager.java:155)
	at org.mule.lifecycle.RegistryLifecycleManager.fireLifecycle(RegistryLifecycleManager.java:126)
	at org.mule.registry.AbstractRegistryBroker.fireLifecycle(AbstractRegistryBroker.java:88)
	at org.mule.registry.MuleRegistryHelper.fireLifecycle(MuleRegistryHelper.java:141)
	at org.mule.lifecycle.MuleContextLifecycleManager$MuleContextLifecycleCallback.onTransition(MuleContextLifecycleManager.java:91)
	at org.mule.lifecycle.MuleContextLifecycleManager$MuleContextLifecycleCallback.onTransition(MuleContextLifecycleManager.java:87)
	at org.mule.lifecycle.MuleContextLifecycleManager.invokePhase(MuleContextLifecycleManager.java:69)
	at org.mule.lifecycle.MuleContextLifecycleManager.fireLifecycle(MuleContextLifecycleManager.java:61)
	at org.mule.DefaultMuleContext.start(DefaultMuleContext.java:311)
	at org.mule.module.launcher.application.DefaultMuleApplication.start(DefaultMuleApplication.java:139)
	at org.mule.module.launcher.artifact.ArtifactWrapper$4.execute(ArtifactWrapper.java:105)
	at org.mule.module.launcher.artifact.ArtifactWrapper.executeWithinArtifactClassLoader(ArtifactWrapper.java:136)
	at org.mule.module.launcher.artifact.ArtifactWrapper.start(ArtifactWrapper.java:100)
	at org.mule.module.launcher.DefaultArtifactDeployer.deploy(DefaultArtifactDeployer.java:26)
	at org.mule.module.launcher.DefaultArchiveDeployer.deployArtifact(DefaultArchiveDeployer.java:309)
	at org.mule.module.launcher.DefaultArchiveDeployer.deployPackagedArtifact(DefaultArchiveDeployer.java:164)
	at org.mule.module.launcher.DefaultArchiveDeployer.deployPackagedArtifact(DefaultArchiveDeployer.java:253)
	at org.mule.module.launcher.DefaultArchiveDeployer.deployPackagedArtifact(DefaultArchiveDeployer.java:75)
	at org.mule.module.launcher.DeploymentDirectoryWatcher.deployPackedApps(DeploymentDirectoryWatcher.java:278)
	at org.mule.module.launcher.DeploymentDirectoryWatcher.start(DeploymentDirectoryWatcher.java:150)
	at org.mule.module.launcher.MuleDeploymentService.start(MuleDeploymentService.java:134)
	at org.mule.module.launcher.MuleContainer.start(MuleContainer.java:172)
	at org.mule.tooling.server.application.ApplicationDeployer.main(ApplicationDeployer.java:15)

********************************************************************************

2016-11-16 22:11:35,211 [main] INFO  org.mule.module.launcher.application.DefaultMuleApplication - 
++++++++++++++++++++++++++++++++++++++++++++++++++++++++++++
+ Disposing app 'pessoa'                                   +
++++++++++++++++++++++++++++++++++++++++++++++++++++++++++++
2016-11-16 22:11:35,219 [main] INFO  org.mule.lifecycle.AbstractLifecycleManager - Disposing RegistryBroker
2016-11-16 22:11:35,225 [main] INFO  org.mule.construct.FlowConstructLifecycleManager - Disposing flow: pessoaFlow
2016-11-16 22:11:35,228 [main] INFO  org.mule.processor.SedaStageLifecycleManager - Disposing service: pessoaFlow.stage1
2016-11-16 22:11:35,252 [main] INFO  org.mule.lifecycle.AbstractLifecycleManager - Disposing model: _muleSystemModel
2016-11-16 22:11:36,126 [main] INFO  org.mule.config.spring.MuleArtifactContext - Closing org.mule.config.spring.MuleArtifactContext@1dd0dabb: startup date [Wed Nov 16 22:11:22 BRST 2016]; root of context hierarchy
2016-11-16 22:11:36,248 [main] INFO  org.mule.DefaultMuleContext - 
**********************************************************************
* Application "pessoa" shut down normally on: 16/11/16 22:11         *
* Up for: 0 days, 0 hours, 0 mins, 1.289 sec                         *
**********************************************************************
2016-11-16 22:12:57,346 [Mule.app.deployer.monitor.1.thread.1] INFO  org.mule.module.launcher.application.DefaultMuleApplication - 
++++++++++++++++++++++++++++++++++++++++++++++++++++++++++++
+ Initializing app 'pessoa'                                +
++++++++++++++++++++++++++++++++++++++++++++++++++++++++++++
2016-11-16 22:12:57,387 [Mule.app.deployer.monitor.1.thread.1] WARN  com.mulesoft.module.client.APIPlatformClientCoreExtension - Client ID or Client Secret were not provided. API Manager client is DISABLED for app pessoa
2016-11-16 22:12:57,410 [Mule.app.deployer.monitor.1.thread.1] INFO  org.mule.lifecycle.AbstractLifecycleManager - Initialising RegistryBroker
2016-11-16 22:12:57,431 [Mule.app.deployer.monitor.1.thread.1] INFO  org.mule.module.extension.internal.manager.DefaultExtensionManager - Starting discovery of extensions
2016-11-16 22:12:57,486 [Mule.app.deployer.monitor.1.thread.1] INFO  org.mule.module.extension.internal.manager.DefaultExtensionManager - Discovered 1 extensions
2016-11-16 22:12:57,491 [Mule.app.deployer.monitor.1.thread.1] INFO  org.mule.module.extension.internal.manager.DefaultExtensionManager - Registering extension validation (version 3.8)
2016-11-16 22:12:57,975 [Mule.app.deployer.monitor.1.thread.1] INFO  org.mule.config.spring.MuleArtifactContext - Refreshing org.mule.config.spring.MuleArtifactContext@5774a662: startup date [Wed Nov 16 22:12:57 BRST 2016]; root of context hierarchy
2016-11-16 22:13:00,726 [Mule.app.deployer.monitor.1.thread.1] INFO  org.mule.config.spring.processors.NoDevkitInjectorProcessor - JSR-330 'javax.inject.Inject' annotation found and supported for autowiring
2016-11-16 22:13:01,581 [Mule.app.deployer.monitor.1.thread.1] INFO  org.mule.util.journal.TransactionJournal - Using files for tx logs /home/puc/workspace/Mule/.mule/./.mule/pessoa/queue-tx-log/tx1.log and /home/puc/workspace/Mule/.mule/./.mule/pessoa/queue-tx-log/tx2.log
2016-11-16 22:13:01,586 [Mule.app.deployer.monitor.1.thread.1] INFO  org.mule.util.journal.TransactionJournal - Using files for tx logs /home/puc/workspace/Mule/.mule/./.mule/pessoa/queue-xa-tx-log/tx1.log and /home/puc/workspace/Mule/.mule/./.mule/pessoa/queue-xa-tx-log/tx2.log
2016-11-16 22:13:01,665 [Mule.app.deployer.monitor.1.thread.1] INFO  org.mule.lifecycle.AbstractLifecycleManager - Initialising model: _muleSystemModel
2016-11-16 22:13:01,676 [Mule.app.deployer.monitor.1.thread.1] INFO  org.mule.construct.FlowConstructLifecycleManager - Initialising flow: pessoaFlow
2016-11-16 22:13:01,680 [Mule.app.deployer.monitor.1.thread.1] INFO  org.mule.exception.DefaultMessagingExceptionStrategy - Initialising exception listener: org.mule.exception.DefaultMessagingExceptionStrategy@df4fdf3
2016-11-16 22:13:01,686 [Mule.app.deployer.monitor.1.thread.1] INFO  org.mule.processor.SedaStageLifecycleManager - Initialising service: pessoaFlow.stage1
2016-11-16 22:13:01,817 [Mule.app.deployer.monitor.1.thread.1] INFO  org.mule.config.spring.SpringXmlConfigurationBuilder - Configured Mule using "org.mule.config.spring.SpringXmlConfigurationBuilder" with configuration resource(s): "[ConfigResource{resourceName='/home/puc/workspace/Mule/.mule/apps/pessoa/pessoa.xml'}]"
2016-11-16 22:13:01,823 [Mule.app.deployer.monitor.1.thread.1] INFO  org.mule.config.builders.AutoConfigurationBuilder - Configured Mule using "org.mule.config.builders.AutoConfigurationBuilder" with configuration resource(s): "[ConfigResource{resourceName='/home/puc/workspace/Mule/.mule/apps/pessoa/pessoa.xml'}]"
2016-11-16 22:13:04,827 [Mule.app.deployer.monitor.1.thread.1] INFO  org.mule.module.launcher.application.DefaultMuleApplication - 
++++++++++++++++++++++++++++++++++++++++++++++++++++++++++++
+ Starting app 'pessoa'                                    +
++++++++++++++++++++++++++++++++++++++++++++++++++++++++++++
2016-11-16 22:13:04,830 [Mule.app.deployer.monitor.1.thread.1] INFO  org.mule.util.queue.QueueXaResourceManager - Starting ResourceManager
2016-11-16 22:13:04,831 [Mule.app.deployer.monitor.1.thread.1] INFO  org.mule.util.queue.QueueXaResourceManager - Started ResourceManager
2016-11-16 22:13:04,974 [Mule.app.deployer.monitor.1.thread.1] INFO  org.mule.module.http.internal.listener.DefaultHttpListenerConfig - Listening for requests on http://0.0.0.0:8099
2016-11-16 22:13:04,980 [Mule.app.deployer.monitor.1.thread.1] INFO  org.mule.modules.mongo.generated.agents.DefaultSplashScreenAgent - 
++++++++++++++++++++++++++++++++++++++++++++++++++++++++++++++++++++++++++++++++
+ DevKit Extensions (1) used in this application                               +
+ Mongo DB 4.2.0 (DevKit 3.9.0 Build UNNAMED.2793.f49b6c7)+                    +
++++++++++++++++++++++++++++++++++++++++++++++++++++++++++++++++++++++++++++++++
2016-11-16 22:13:04,982 [Mule.app.deployer.monitor.1.thread.1] INFO  org.mule.lifecycle.AbstractLifecycleManager - Starting model: _muleSystemModel
2016-11-16 22:13:04,985 [Mule.app.deployer.monitor.1.thread.1] INFO  org.mule.construct.FlowConstructLifecycleManager - Starting flow: pessoaFlow
2016-11-16 22:13:04,997 [Mule.app.deployer.monitor.1.thread.1] INFO  org.mule.processor.SedaStageLifecycleManager - Starting service: pessoaFlow.stage1
2016-11-16 22:13:05,054 [Mule.app.deployer.monitor.1.thread.1] INFO  org.mule.module.management.agent.WrapperManagerAgent - This JVM hasn't been launched by the wrapper, the agent will not run.
2016-11-16 22:13:05,094 [Mule.app.deployer.monitor.1.thread.1] INFO  org.mule.DefaultMuleContext - 
**********************************************************************
* Application: pessoa                                                *
* OS encoding: /, Mule encoding: UTF-8                               *
*                                                                    *
* Agents Running:                                                    *
*   Batch module default engine                                      *
*   JMX Agent                                                        *
*   DevKit Extension Information                                     *
*   Wrapper Manager                                                  *
**********************************************************************
2016-11-16 22:13:33,438 [main] INFO  org.mule.module.launcher.application.DefaultMuleApplication - 
++++++++++++++++++++++++++++++++++++++++++++++++++++++++++++
+ Initializing app 'pessoa'                                +
++++++++++++++++++++++++++++++++++++++++++++++++++++++++++++
2016-11-16 22:13:33,785 [main] INFO  org.mule.lifecycle.AbstractLifecycleManager - Initialising RegistryBroker
2016-11-16 22:13:33,967 [main] INFO  org.mule.module.extension.internal.manager.DefaultExtensionManager - Starting discovery of extensions
2016-11-16 22:13:34,215 [main] INFO  org.mule.module.extension.internal.manager.DefaultExtensionManager - Discovered 1 extensions
2016-11-16 22:13:34,217 [main] INFO  org.mule.module.extension.internal.manager.DefaultExtensionManager - Registering extension validation (version 3.8)
2016-11-16 22:13:34,311 [main] INFO  org.mule.config.spring.MuleArtifactContext - Refreshing org.mule.config.spring.MuleArtifactContext@52b6c3c1: startup date [Wed Nov 16 22:13:34 BRST 2016]; root of context hierarchy
2016-11-16 22:13:38,358 [main] INFO  org.mule.config.spring.processors.NoDevkitInjectorProcessor - JSR-330 'javax.inject.Inject' annotation found and supported for autowiring
2016-11-16 22:13:40,312 [main] WARN  org.mule.module.ognl.expression.OgnlExpressionEvaluator - OGNL module is deprecated and will be removed in Mule 4.0. Use MEL expressions instead.
2016-11-16 22:13:40,862 [main] INFO  org.mule.util.journal.TransactionJournal - Using files for tx logs /home/puc/workspace/Mule/.mule/./.mule/pessoa/queue-tx-log/tx1.log and /home/puc/workspace/Mule/.mule/./.mule/pessoa/queue-tx-log/tx2.log
2016-11-16 22:13:40,886 [main] INFO  org.mule.util.journal.TransactionJournal - Using files for tx logs /home/puc/workspace/Mule/.mule/./.mule/pessoa/queue-xa-tx-log/tx1.log and /home/puc/workspace/Mule/.mule/./.mule/pessoa/queue-xa-tx-log/tx2.log
2016-11-16 22:13:41,052 [main] INFO  org.mule.lifecycle.AbstractLifecycleManager - Initialising model: _muleSystemModel
2016-11-16 22:13:41,059 [main] INFO  org.mule.construct.FlowConstructLifecycleManager - Initialising flow: pessoaFlow
2016-11-16 22:13:41,060 [main] INFO  org.mule.exception.DefaultMessagingExceptionStrategy - Initialising exception listener: org.mule.exception.DefaultMessagingExceptionStrategy@bcabcf
2016-11-16 22:13:41,087 [main] INFO  org.mule.processor.SedaStageLifecycleManager - Initialising service: pessoaFlow.stage1
2016-11-16 22:13:41,655 [main] INFO  org.mule.config.spring.SpringXmlConfigurationBuilder - Configured Mule using "org.mule.config.spring.SpringXmlConfigurationBuilder" with configuration resource(s): "[ConfigResource{resourceName='/home/puc/workspace/Mule/.mule/apps/pessoa/pessoa.xml'}]"
2016-11-16 22:13:41,662 [main] INFO  org.mule.config.builders.AutoConfigurationBuilder - Configured Mule using "org.mule.config.builders.AutoConfigurationBuilder" with configuration resource(s): "[ConfigResource{resourceName='/home/puc/workspace/Mule/.mule/apps/pessoa/pessoa.xml'}]"
2016-11-16 22:13:44,743 [main] INFO  org.mule.module.launcher.application.DefaultMuleApplication - 
++++++++++++++++++++++++++++++++++++++++++++++++++++++++++++
+ Starting app 'pessoa'                                    +
++++++++++++++++++++++++++++++++++++++++++++++++++++++++++++
2016-11-16 22:13:44,754 [main] INFO  org.mule.util.queue.QueueXaResourceManager - Starting ResourceManager
2016-11-16 22:13:44,757 [main] INFO  org.mule.util.queue.QueueXaResourceManager - Started ResourceManager
2016-11-16 22:13:44,943 [main] INFO  org.mule.module.http.internal.listener.DefaultHttpListenerConfig - Listening for requests on http://0.0.0.0:8099
2016-11-16 22:13:44,965 [main] INFO  org.mule.modules.mongo.generated.agents.DefaultSplashScreenAgent - 
++++++++++++++++++++++++++++++++++++++++++++++++++++++++++++++++++++++++++++++++
+ DevKit Extensions (1) used in this application                               +
+ Mongo DB 4.2.0 (DevKit 3.9.0 Build UNNAMED.2793.f49b6c7)+                    +
++++++++++++++++++++++++++++++++++++++++++++++++++++++++++++++++++++++++++++++++
2016-11-16 22:13:44,968 [main] INFO  org.mule.lifecycle.AbstractLifecycleManager - Starting model: _muleSystemModel
2016-11-16 22:13:44,976 [main] INFO  org.mule.construct.FlowConstructLifecycleManager - Starting flow: pessoaFlow
2016-11-16 22:13:44,981 [main] INFO  org.mule.processor.SedaStageLifecycleManager - Starting service: pessoaFlow.stage1
2016-11-16 22:13:45,126 [main] INFO  org.mule.module.management.agent.WrapperManagerAgent - This JVM hasn't been launched by the wrapper, the agent will not run.
2016-11-16 22:13:45,205 [main] INFO  org.mule.DefaultMuleContext - 
**********************************************************************
* Application: pessoa                                                *
* OS encoding: /, Mule encoding: UTF-8                               *
*                                                                    *
* Agents Running:                                                    *
*   Batch module default engine                                      *
*   JMX Agent                                                        *
*   DevKit Extension Information                                     *
*   Wrapper Manager                                                  *
**********************************************************************
2016-11-16 22:16:17,803 [[pessoa].HTTP_Listener_Configuration.worker.01] INFO  org.mule.module.http.internal.listener.HttpListenerRegistry - No listener found for request: (GET)/Pessoa
2016-11-16 22:16:17,803 [[pessoa].HTTP_Listener_Configuration.worker.01] INFO  org.mule.module.http.internal.listener.HttpListenerRegistry - Available listeners are: [([post])/Pessoa/]
2016-11-16 22:16:18,963 [[pessoa].HTTP_Listener_Configuration.worker.01] INFO  org.mule.module.http.internal.listener.HttpListenerRegistry - No listener found for request: (GET)/favicon.ico
2016-11-16 22:16:18,964 [[pessoa].HTTP_Listener_Configuration.worker.01] INFO  org.mule.module.http.internal.listener.HttpListenerRegistry - Available listeners are: [([post])/Pessoa/]
2016-11-16 22:16:36,539 [[pessoa].HTTP_Listener_Configuration.worker.01] INFO  org.mule.module.http.internal.listener.HttpListenerRegistry - No listener found for request: (GET)/Pessoa
2016-11-16 22:16:36,539 [[pessoa].HTTP_Listener_Configuration.worker.01] INFO  org.mule.module.http.internal.listener.HttpListenerRegistry - Available listeners are: [([post])/Pessoa/]
2016-11-16 22:16:54,869 [[pessoa].HTTP_Listener_Configuration.worker.01] INFO  org.mule.module.http.internal.listener.HttpListenerRegistry - No listener found for request: (GET)/Pessoa
2016-11-16 22:16:54,869 [[pessoa].HTTP_Listener_Configuration.worker.01] INFO  org.mule.module.http.internal.listener.HttpListenerRegistry - Available listeners are: [([post])/Pessoa/]
2016-11-16 22:19:23,713 [[pessoa].HTTP_Listener_Configuration.worker.01] INFO  org.mule.module.http.internal.listener.HttpListenerRegistry - No listener found for request: (GET)/Pessoa
2016-11-16 22:19:23,713 [[pessoa].HTTP_Listener_Configuration.worker.01] INFO  org.mule.module.http.internal.listener.HttpListenerRegistry - Available listeners are: [([post])/Pessoa/]
